<html>
<head>
<title>TestNG:  Test</title>
<link href="../testng.css" rel="stylesheet" type="text/css" />
<link href="../my-testng.css" rel="stylesheet" type="text/css" />

<style type="text/css">
.log { display: none;} 
.stack-trace { display: none;} 
</style>
<script type="text/javascript">
<!--
function flip(e) {
  current = e.style.display;
  if (current == 'block') {
    e.style.display = 'none';
    return 0;
  }
  else {
    e.style.display = 'block';
    return 1;
  }
}

function toggleBox(szDivId, elem, msg1, msg2)
{
  var res = -1;  if (document.getElementById) {
    res = flip(document.getElementById(szDivId));
  }
  else if (document.all) {
    // this is the way old msie versions work
    res = flip(document.all[szDivId]);
  }
  if(elem) {
    if(res == 0) elem.innerHTML = msg1; else elem.innerHTML = msg2;
  }

}

function toggleAllBoxes() {
  if (document.getElementsByTagName) {
    d = document.getElementsByTagName('div');
    for (i = 0; i < d.length; i++) {
      if (d[i].className == 'log') {
        flip(d[i]);
      }
    }
  }
}

// -->
</script>

</head>
<body>
<h2 align='center'>Test</h2><table border='1' align="center">
<tr>
<td>Tests passed/Failed/Skipped:</td><td>21/8/0</td>
</tr><tr>
<td>Started on:</td><td>Thu Feb 06 12:29:23 IST 2025</td>
</tr>
<tr><td>Total time:</td><td>1113 seconds (1113968 ms)</td>
</tr><tr>
<td>Included groups:</td><td></td>
</tr><tr>
<td>Excluded groups:</td><td></td>
</tr>
</table><p/>
<small><i>(Hover the method name to see the test class name)</i></small><p/>
<table width='100%' border='1' class='invocation-failed'>
<tr><td colspan='4' align='center'><b>FAILED TESTS</b></td></tr>
<tr><td><b>Test method</b></td>
<td><b>Attribute(s)</b></td>
<td width="30%"><b>Exception</b></td>
<td width="10%"><b>Time (seconds)</b></td>
<td><b>Instance</b></td>
</tr>
<tr>
<td title='tesstCases.Tc001_CivilWorkCreation2.workcreation()'><b>workcreation</b><br>Test class: tesstCases.Tc001_CivilWorkCreation2<br>Parameters: HYDERABAD, BANDLAGUDA, GOVT. PS RED CROSS , NIRQUI PHOOL BAGH, 0, 0, 0, 0, 0, 20, 0, 0</td>
<td><div><pre>org.openqa.selenium.NoSuchElementException: Cannot locate option with text: GOVT. PS RED CROSS , NIRQUI PHOOL BAGH
For documentation on this error, please visit: https://www.selenium.dev/documentation/webdriver/troubleshooting/errors#no-such-element-exception
Build info: version: &apos;4.28.1&apos;, revision: &apos;73f5ad48a2&apos;
System info: os.name: &apos;Windows 11&apos;, os.arch: &apos;amd64&apos;, os.version: &apos;10.0&apos;, java.version: &apos;21.0.3&apos;
Driver info: driver.version: unknown
	at org.openqa.selenium.support.ui.Select.selectByVisibleText(Select.java:167)
	at pageObjects.loginPage.select_School(loginPage.java:143)
	at tesstCases.Tc001_CivilWorkCreation2.workcreation(Tc001_CivilWorkCreation2.java:101)
	at java.base/java.util.ArrayList.forEach(ArrayList.java:1596)
... Removed 25 stack frames</pre></div><a href='#' onClick='toggleBox("stack-trace166289688", this, "Click to show all stack frames", "Click to hide stack frames")'>Click to show all stack frames</a>
<div class='stack-trace' id='stack-trace166289688'><pre>org.openqa.selenium.NoSuchElementException: Cannot locate option with text: GOVT. PS RED CROSS , NIRQUI PHOOL BAGH
For documentation on this error, please visit: https://www.selenium.dev/documentation/webdriver/troubleshooting/errors#no-such-element-exception
Build info: version: &apos;4.28.1&apos;, revision: &apos;73f5ad48a2&apos;
System info: os.name: &apos;Windows 11&apos;, os.arch: &apos;amd64&apos;, os.version: &apos;10.0&apos;, java.version: &apos;21.0.3&apos;
Driver info: driver.version: unknown
	at org.openqa.selenium.support.ui.Select.selectByVisibleText(Select.java:167)
	at pageObjects.loginPage.select_School(loginPage.java:143)
	at tesstCases.Tc001_CivilWorkCreation2.workcreation(Tc001_CivilWorkCreation2.java:101)
	at java.base/jdk.internal.reflect.DirectMethodHandleAccessor.invoke(DirectMethodHandleAccessor.java:103)
	at java.base/java.lang.reflect.Method.invoke(Method.java:580)
	at org.testng.internal.invokers.MethodInvocationHelper.invokeMethod(MethodInvocationHelper.java:139)
	at org.testng.internal.invokers.TestInvoker.invokeMethod(TestInvoker.java:664)
	at org.testng.internal.invokers.TestInvoker.invokeTestMethod(TestInvoker.java:227)
	at org.testng.internal.invokers.MethodRunner.runInSequence(MethodRunner.java:50)
	at org.testng.internal.invokers.TestInvoker$MethodInvocationAgent.invoke(TestInvoker.java:957)
	at org.testng.internal.invokers.TestInvoker.invokeTestMethods(TestInvoker.java:200)
	at org.testng.internal.invokers.TestMethodWorker.invokeTestMethods(TestMethodWorker.java:148)
	at org.testng.internal.invokers.TestMethodWorker.run(TestMethodWorker.java:128)
	at java.base/java.util.ArrayList.forEach(ArrayList.java:1596)
	at org.testng.TestRunner.privateRun(TestRunner.java:848)
	at org.testng.TestRunner.run(TestRunner.java:621)
	at org.testng.SuiteRunner.runTest(SuiteRunner.java:443)
	at org.testng.SuiteRunner.runSequentially(SuiteRunner.java:437)
	at org.testng.SuiteRunner.privateRun(SuiteRunner.java:397)
	at org.testng.SuiteRunner.run(SuiteRunner.java:336)
	at org.testng.SuiteRunnerWorker.runSuite(SuiteRunnerWorker.java:52)
	at org.testng.SuiteRunnerWorker.run(SuiteRunnerWorker.java:95)
	at org.testng.TestNG.runSuitesSequentially(TestNG.java:1280)
	at org.testng.TestNG.runSuitesLocally(TestNG.java:1200)
	at org.testng.TestNG.runSuites(TestNG.java:1114)
	at org.testng.TestNG.run(TestNG.java:1082)
	at org.testng.remote.AbstractRemoteTestNG.run(AbstractRemoteTestNG.java:115)
	at org.testng.remote.RemoteTestNG.initAndRun(RemoteTestNG.java:293)
	at org.testng.remote.RemoteTestNG.main(RemoteTestNG.java:91)
</pre></div></td>
<td>38</td>
<td>tesstCases.Tc001_CivilWorkCreation2@4a11eb84</td></tr>
<tr>
<td title='tesstCases.Tc001_CivilWorkCreation2.workcreation()'><b>workcreation</b><br>Test class: tesstCases.Tc001_CivilWorkCreation2<br>Parameters: HYDERABAD, BANDLAGUDA, GOVT. HS(B)MISARAM, BARKAS, 0, 0, 0, 0, 0, 0, 20, 0</td>
<td><div><pre>org.openqa.selenium.NoSuchElementException: Cannot locate option with text: GOVT. HS(B)MISARAM, BARKAS
For documentation on this error, please visit: https://www.selenium.dev/documentation/webdriver/troubleshooting/errors#no-such-element-exception
Build info: version: &apos;4.28.1&apos;, revision: &apos;73f5ad48a2&apos;
System info: os.name: &apos;Windows 11&apos;, os.arch: &apos;amd64&apos;, os.version: &apos;10.0&apos;, java.version: &apos;21.0.3&apos;
Driver info: driver.version: unknown
	at org.openqa.selenium.support.ui.Select.selectByVisibleText(Select.java:167)
	at pageObjects.loginPage.select_School(loginPage.java:143)
	at tesstCases.Tc001_CivilWorkCreation2.workcreation(Tc001_CivilWorkCreation2.java:101)
	at java.base/java.util.ArrayList.forEach(ArrayList.java:1596)
... Removed 25 stack frames</pre></div><a href='#' onClick='toggleBox("stack-trace1012812460", this, "Click to show all stack frames", "Click to hide stack frames")'>Click to show all stack frames</a>
<div class='stack-trace' id='stack-trace1012812460'><pre>org.openqa.selenium.NoSuchElementException: Cannot locate option with text: GOVT. HS(B)MISARAM, BARKAS
For documentation on this error, please visit: https://www.selenium.dev/documentation/webdriver/troubleshooting/errors#no-such-element-exception
Build info: version: &apos;4.28.1&apos;, revision: &apos;73f5ad48a2&apos;
System info: os.name: &apos;Windows 11&apos;, os.arch: &apos;amd64&apos;, os.version: &apos;10.0&apos;, java.version: &apos;21.0.3&apos;
Driver info: driver.version: unknown
	at org.openqa.selenium.support.ui.Select.selectByVisibleText(Select.java:167)
	at pageObjects.loginPage.select_School(loginPage.java:143)
	at tesstCases.Tc001_CivilWorkCreation2.workcreation(Tc001_CivilWorkCreation2.java:101)
	at java.base/jdk.internal.reflect.DirectMethodHandleAccessor.invoke(DirectMethodHandleAccessor.java:103)
	at java.base/java.lang.reflect.Method.invoke(Method.java:580)
	at org.testng.internal.invokers.MethodInvocationHelper.invokeMethod(MethodInvocationHelper.java:139)
	at org.testng.internal.invokers.TestInvoker.invokeMethod(TestInvoker.java:664)
	at org.testng.internal.invokers.TestInvoker.invokeTestMethod(TestInvoker.java:227)
	at org.testng.internal.invokers.MethodRunner.runInSequence(MethodRunner.java:50)
	at org.testng.internal.invokers.TestInvoker$MethodInvocationAgent.invoke(TestInvoker.java:957)
	at org.testng.internal.invokers.TestInvoker.invokeTestMethods(TestInvoker.java:200)
	at org.testng.internal.invokers.TestMethodWorker.invokeTestMethods(TestMethodWorker.java:148)
	at org.testng.internal.invokers.TestMethodWorker.run(TestMethodWorker.java:128)
	at java.base/java.util.ArrayList.forEach(ArrayList.java:1596)
	at org.testng.TestRunner.privateRun(TestRunner.java:848)
	at org.testng.TestRunner.run(TestRunner.java:621)
	at org.testng.SuiteRunner.runTest(SuiteRunner.java:443)
	at org.testng.SuiteRunner.runSequentially(SuiteRunner.java:437)
	at org.testng.SuiteRunner.privateRun(SuiteRunner.java:397)
	at org.testng.SuiteRunner.run(SuiteRunner.java:336)
	at org.testng.SuiteRunnerWorker.runSuite(SuiteRunnerWorker.java:52)
	at org.testng.SuiteRunnerWorker.run(SuiteRunnerWorker.java:95)
	at org.testng.TestNG.runSuitesSequentially(TestNG.java:1280)
	at org.testng.TestNG.runSuitesLocally(TestNG.java:1200)
	at org.testng.TestNG.runSuites(TestNG.java:1114)
	at org.testng.TestNG.run(TestNG.java:1082)
	at org.testng.remote.AbstractRemoteTestNG.run(AbstractRemoteTestNG.java:115)
	at org.testng.remote.RemoteTestNG.initAndRun(RemoteTestNG.java:293)
	at org.testng.remote.RemoteTestNG.main(RemoteTestNG.java:91)
</pre></div></td>
<td>27</td>
<td>tesstCases.Tc001_CivilWorkCreation2@4a11eb84</td></tr>
<tr>
<td title='tesstCases.Tc001_CivilWorkCreation2.workcreation()'><b>workcreation</b><br>Test class: tesstCases.Tc001_CivilWorkCreation2<br>Parameters: HYDERABAD, BANDLAGUDA, GOVT. PS SIDDIQUINGR 3, SIDDIQUE NAGAR03, 0, 0, 0, 0, 20, 14, 0, 0</td>
<td><div><pre>org.openqa.selenium.NoSuchElementException: Cannot locate option with text: GOVT. PS SIDDIQUINGR 3, SIDDIQUE NAGAR03
For documentation on this error, please visit: https://www.selenium.dev/documentation/webdriver/troubleshooting/errors#no-such-element-exception
Build info: version: &apos;4.28.1&apos;, revision: &apos;73f5ad48a2&apos;
System info: os.name: &apos;Windows 11&apos;, os.arch: &apos;amd64&apos;, os.version: &apos;10.0&apos;, java.version: &apos;21.0.3&apos;
Driver info: driver.version: unknown
	at org.openqa.selenium.support.ui.Select.selectByVisibleText(Select.java:167)
	at pageObjects.loginPage.select_School(loginPage.java:143)
	at tesstCases.Tc001_CivilWorkCreation2.workcreation(Tc001_CivilWorkCreation2.java:101)
	at java.base/java.util.ArrayList.forEach(ArrayList.java:1596)
... Removed 25 stack frames</pre></div><a href='#' onClick='toggleBox("stack-trace1117388522", this, "Click to show all stack frames", "Click to hide stack frames")'>Click to show all stack frames</a>
<div class='stack-trace' id='stack-trace1117388522'><pre>org.openqa.selenium.NoSuchElementException: Cannot locate option with text: GOVT. PS SIDDIQUINGR 3, SIDDIQUE NAGAR03
For documentation on this error, please visit: https://www.selenium.dev/documentation/webdriver/troubleshooting/errors#no-such-element-exception
Build info: version: &apos;4.28.1&apos;, revision: &apos;73f5ad48a2&apos;
System info: os.name: &apos;Windows 11&apos;, os.arch: &apos;amd64&apos;, os.version: &apos;10.0&apos;, java.version: &apos;21.0.3&apos;
Driver info: driver.version: unknown
	at org.openqa.selenium.support.ui.Select.selectByVisibleText(Select.java:167)
	at pageObjects.loginPage.select_School(loginPage.java:143)
	at tesstCases.Tc001_CivilWorkCreation2.workcreation(Tc001_CivilWorkCreation2.java:101)
	at java.base/jdk.internal.reflect.DirectMethodHandleAccessor.invoke(DirectMethodHandleAccessor.java:103)
	at java.base/java.lang.reflect.Method.invoke(Method.java:580)
	at org.testng.internal.invokers.MethodInvocationHelper.invokeMethod(MethodInvocationHelper.java:139)
	at org.testng.internal.invokers.TestInvoker.invokeMethod(TestInvoker.java:664)
	at org.testng.internal.invokers.TestInvoker.invokeTestMethod(TestInvoker.java:227)
	at org.testng.internal.invokers.MethodRunner.runInSequence(MethodRunner.java:50)
	at org.testng.internal.invokers.TestInvoker$MethodInvocationAgent.invoke(TestInvoker.java:957)
	at org.testng.internal.invokers.TestInvoker.invokeTestMethods(TestInvoker.java:200)
	at org.testng.internal.invokers.TestMethodWorker.invokeTestMethods(TestMethodWorker.java:148)
	at org.testng.internal.invokers.TestMethodWorker.run(TestMethodWorker.java:128)
	at java.base/java.util.ArrayList.forEach(ArrayList.java:1596)
	at org.testng.TestRunner.privateRun(TestRunner.java:848)
	at org.testng.TestRunner.run(TestRunner.java:621)
	at org.testng.SuiteRunner.runTest(SuiteRunner.java:443)
	at org.testng.SuiteRunner.runSequentially(SuiteRunner.java:437)
	at org.testng.SuiteRunner.privateRun(SuiteRunner.java:397)
	at org.testng.SuiteRunner.run(SuiteRunner.java:336)
	at org.testng.SuiteRunnerWorker.runSuite(SuiteRunnerWorker.java:52)
	at org.testng.SuiteRunnerWorker.run(SuiteRunnerWorker.java:95)
	at org.testng.TestNG.runSuitesSequentially(TestNG.java:1280)
	at org.testng.TestNG.runSuitesLocally(TestNG.java:1200)
	at org.testng.TestNG.runSuites(TestNG.java:1114)
	at org.testng.TestNG.run(TestNG.java:1082)
	at org.testng.remote.AbstractRemoteTestNG.run(AbstractRemoteTestNG.java:115)
	at org.testng.remote.RemoteTestNG.initAndRun(RemoteTestNG.java:293)
	at org.testng.remote.RemoteTestNG.main(RemoteTestNG.java:91)
</pre></div></td>
<td>16</td>
<td>tesstCases.Tc001_CivilWorkCreation2@4a11eb84</td></tr>
<tr>
<td title='tesstCases.Tc001_CivilWorkCreation2.workcreation()'><b>workcreation</b><br>Test class: tesstCases.Tc001_CivilWorkCreation2<br>Parameters: HYDERABAD, BANDLAGUDA, GOVT. PS BAVANINGR 2, BHAVANI NAGAR, 0, 0, 0, 0, 0, 8, 0, 0</td>
<td><div><pre>org.openqa.selenium.UnhandledAlertException: unexpected alert open: {Alert text : Please select atleast one Task}
  (Session info: chrome=133.0.6943.53): Please select atleast one Task
Build info: version: &apos;4.28.1&apos;, revision: &apos;73f5ad48a2&apos;
System info: os.name: &apos;Windows 11&apos;, os.arch: &apos;amd64&apos;, os.version: &apos;10.0&apos;, java.version: &apos;21.0.3&apos;
Driver info: org.openqa.selenium.chrome.ChromeDriver
Command: [b870ca304e685d5c4d49056bfc17c250, findElements {value=//table[@id=&apos;ctl00_ContentPlaceHolder1_grdSelectedTasks&apos;]/tbody/tr, using=xpath}]
Capabilities {acceptInsecureCerts: false, browserName: chrome, browserVersion: 133.0.6943.53, chrome: {chromedriverVersion: 133.0.6943.53 (9a80935019b0..., userDataDir: C:\Users\91939\AppData\Loca...}, fedcm:accounts: true, goog:chromeOptions: {debuggerAddress: localhost:61017}, networkConnectionEnabled: false, pageLoadStrategy: normal, platformName: windows, proxy: Proxy(), se:cdp: ws://localhost:61017/devtoo..., se:cdpVersion: 133.0.6943.53, setWindowRect: true, strictFileInteractability: false, timeouts: {implicit: 0, pageLoad: 300000, script: 30000}, unhandledPromptBehavior: dismiss and notify, webauthn:extension:credBlob: true, webauthn:extension:largeBlob: true, webauthn:extension:minPinLength: true, webauthn:extension:prf: true, webauthn:virtualAuthenticators: true}
Session ID: b870ca304e685d5c4d49056bfc17c250
	at org.openqa.selenium.remote.codec.w3c.W3CHttpResponseCodec.decode(W3CHttpResponseCodec.java:136)
	at org.openqa.selenium.remote.codec.w3c.W3CHttpResponseCodec.decode(W3CHttpResponseCodec.java:50)
	at org.openqa.selenium.remote.HttpCommandExecutor.execute(HttpCommandExecutor.java:215)
	at org.openqa.selenium.remote.service.DriverCommandExecutor.invokeExecute(DriverCommandExecutor.java:216)
	at org.openqa.selenium.remote.service.DriverCommandExecutor.execute(DriverCommandExecutor.java:174)
	at org.openqa.selenium.remote.RemoteWebDriver.execute(RemoteWebDriver.java:545)
	at org.openqa.selenium.remote.ElementLocation$ElementFinder$2.findElements(ElementLocation.java:182)
	at org.openqa.selenium.remote.ElementLocation.findElements(ElementLocation.java:103)
	at org.openqa.selenium.remote.RemoteWebDriver.findElements(RemoteWebDriver.java:381)
	at org.openqa.selenium.remote.RemoteWebDriver.findElements(RemoteWebDriver.java:375)
	at org.openqa.selenium.support.pagefactory.DefaultElementLocator.findElements(DefaultElementLocator.java:83)
	at org.openqa.selenium.support.pagefactory.internal.LocatingElementListHandler.invoke(LocatingElementListHandler.java:36)
	at jdk.proxy2/jdk.proxy2.$Proxy29.size(Unknown Source)
	at pageObjects.loginPage.table2_no_of_rows(loginPage.java:219)
	at tesstCases.Tc001_CivilWorkCreation2.workcreation(Tc001_CivilWorkCreation2.java:127)
	at java.base/java.util.ArrayList.forEach(ArrayList.java:1596)
... Removed 25 stack frames</pre></div><a href='#' onClick='toggleBox("stack-trace1274112917", this, "Click to show all stack frames", "Click to hide stack frames")'>Click to show all stack frames</a>
<div class='stack-trace' id='stack-trace1274112917'><pre>org.openqa.selenium.UnhandledAlertException: unexpected alert open: {Alert text : Please select atleast one Task}
  (Session info: chrome=133.0.6943.53): Please select atleast one Task
Build info: version: &apos;4.28.1&apos;, revision: &apos;73f5ad48a2&apos;
System info: os.name: &apos;Windows 11&apos;, os.arch: &apos;amd64&apos;, os.version: &apos;10.0&apos;, java.version: &apos;21.0.3&apos;
Driver info: org.openqa.selenium.chrome.ChromeDriver
Command: [b870ca304e685d5c4d49056bfc17c250, findElements {value=//table[@id=&apos;ctl00_ContentPlaceHolder1_grdSelectedTasks&apos;]/tbody/tr, using=xpath}]
Capabilities {acceptInsecureCerts: false, browserName: chrome, browserVersion: 133.0.6943.53, chrome: {chromedriverVersion: 133.0.6943.53 (9a80935019b0..., userDataDir: C:\Users\91939\AppData\Loca...}, fedcm:accounts: true, goog:chromeOptions: {debuggerAddress: localhost:61017}, networkConnectionEnabled: false, pageLoadStrategy: normal, platformName: windows, proxy: Proxy(), se:cdp: ws://localhost:61017/devtoo..., se:cdpVersion: 133.0.6943.53, setWindowRect: true, strictFileInteractability: false, timeouts: {implicit: 0, pageLoad: 300000, script: 30000}, unhandledPromptBehavior: dismiss and notify, webauthn:extension:credBlob: true, webauthn:extension:largeBlob: true, webauthn:extension:minPinLength: true, webauthn:extension:prf: true, webauthn:virtualAuthenticators: true}
Session ID: b870ca304e685d5c4d49056bfc17c250
	at org.openqa.selenium.remote.codec.w3c.W3CHttpResponseCodec.decode(W3CHttpResponseCodec.java:136)
	at org.openqa.selenium.remote.codec.w3c.W3CHttpResponseCodec.decode(W3CHttpResponseCodec.java:50)
	at org.openqa.selenium.remote.HttpCommandExecutor.execute(HttpCommandExecutor.java:215)
	at org.openqa.selenium.remote.service.DriverCommandExecutor.invokeExecute(DriverCommandExecutor.java:216)
	at org.openqa.selenium.remote.service.DriverCommandExecutor.execute(DriverCommandExecutor.java:174)
	at org.openqa.selenium.remote.RemoteWebDriver.execute(RemoteWebDriver.java:545)
	at org.openqa.selenium.remote.ElementLocation$ElementFinder$2.findElements(ElementLocation.java:182)
	at org.openqa.selenium.remote.ElementLocation.findElements(ElementLocation.java:103)
	at org.openqa.selenium.remote.RemoteWebDriver.findElements(RemoteWebDriver.java:381)
	at org.openqa.selenium.remote.RemoteWebDriver.findElements(RemoteWebDriver.java:375)
	at org.openqa.selenium.support.pagefactory.DefaultElementLocator.findElements(DefaultElementLocator.java:83)
	at org.openqa.selenium.support.pagefactory.internal.LocatingElementListHandler.invoke(LocatingElementListHandler.java:36)
	at jdk.proxy2/jdk.proxy2.$Proxy29.size(Unknown Source)
	at pageObjects.loginPage.table2_no_of_rows(loginPage.java:219)
	at tesstCases.Tc001_CivilWorkCreation2.workcreation(Tc001_CivilWorkCreation2.java:127)
	at java.base/jdk.internal.reflect.DirectMethodHandleAccessor.invoke(DirectMethodHandleAccessor.java:103)
	at java.base/java.lang.reflect.Method.invoke(Method.java:580)
	at org.testng.internal.invokers.MethodInvocationHelper.invokeMethod(MethodInvocationHelper.java:139)
	at org.testng.internal.invokers.TestInvoker.invokeMethod(TestInvoker.java:664)
	at org.testng.internal.invokers.TestInvoker.invokeTestMethod(TestInvoker.java:227)
	at org.testng.internal.invokers.MethodRunner.runInSequence(MethodRunner.java:50)
	at org.testng.internal.invokers.TestInvoker$MethodInvocationAgent.invoke(TestInvoker.java:957)
	at org.testng.internal.invokers.TestInvoker.invokeTestMethods(TestInvoker.java:200)
	at org.testng.internal.invokers.TestMethodWorker.invokeTestMethods(TestMethodWorker.java:148)
	at org.testng.internal.invokers.TestMethodWorker.run(TestMethodWorker.java:128)
	at java.base/java.util.ArrayList.forEach(ArrayList.java:1596)
	at org.testng.TestRunner.privateRun(TestRunner.java:848)
	at org.testng.TestRunner.run(TestRunner.java:621)
	at org.testng.SuiteRunner.runTest(SuiteRunner.java:443)
	at org.testng.SuiteRunner.runSequentially(SuiteRunner.java:437)
	at org.testng.SuiteRunner.privateRun(SuiteRunner.java:397)
	at org.testng.SuiteRunner.run(SuiteRunner.java:336)
	at org.testng.SuiteRunnerWorker.runSuite(SuiteRunnerWorker.java:52)
	at org.testng.SuiteRunnerWorker.run(SuiteRunnerWorker.java:95)
	at org.testng.TestNG.runSuitesSequentially(TestNG.java:1280)
	at org.testng.TestNG.runSuitesLocally(TestNG.java:1200)
	at org.testng.TestNG.runSuites(TestNG.java:1114)
	at org.testng.TestNG.run(TestNG.java:1082)
	at org.testng.remote.AbstractRemoteTestNG.run(AbstractRemoteTestNG.java:115)
	at org.testng.remote.RemoteTestNG.initAndRun(RemoteTestNG.java:293)
	at org.testng.remote.RemoteTestNG.main(RemoteTestNG.java:91)
</pre></div></td>
<td>10</td>
<td>tesstCases.Tc001_CivilWorkCreation2@4a11eb84</td></tr>
<tr>
<td title='tesstCases.Tc001_CivilWorkCreation2.workcreation()'><b>workcreation</b><br>Test class: tesstCases.Tc001_CivilWorkCreation2<br>Parameters: HYDERABAD, BANDLAGUDA, GOVT. PS CHATRIMET, NEW RAKSHAPURAM , RAJIV GANDHI NAGAR, 0, 0, 0, 0, 0, 20, 0, 0</td>
<td><div><pre>org.openqa.selenium.NoSuchElementException: Cannot locate option with text: GOVT. PS CHATRIMET, NEW RAKSHAPURAM , RAJIV GANDHI NAGAR
For documentation on this error, please visit: https://www.selenium.dev/documentation/webdriver/troubleshooting/errors#no-such-element-exception
Build info: version: &apos;4.28.1&apos;, revision: &apos;73f5ad48a2&apos;
System info: os.name: &apos;Windows 11&apos;, os.arch: &apos;amd64&apos;, os.version: &apos;10.0&apos;, java.version: &apos;21.0.3&apos;
Driver info: driver.version: unknown
	at org.openqa.selenium.support.ui.Select.selectByVisibleText(Select.java:167)
	at pageObjects.loginPage.select_School(loginPage.java:143)
	at tesstCases.Tc001_CivilWorkCreation2.workcreation(Tc001_CivilWorkCreation2.java:101)
	at java.base/java.util.ArrayList.forEach(ArrayList.java:1596)
... Removed 25 stack frames</pre></div><a href='#' onClick='toggleBox("stack-trace620961748", this, "Click to show all stack frames", "Click to hide stack frames")'>Click to show all stack frames</a>
<div class='stack-trace' id='stack-trace620961748'><pre>org.openqa.selenium.NoSuchElementException: Cannot locate option with text: GOVT. PS CHATRIMET, NEW RAKSHAPURAM , RAJIV GANDHI NAGAR
For documentation on this error, please visit: https://www.selenium.dev/documentation/webdriver/troubleshooting/errors#no-such-element-exception
Build info: version: &apos;4.28.1&apos;, revision: &apos;73f5ad48a2&apos;
System info: os.name: &apos;Windows 11&apos;, os.arch: &apos;amd64&apos;, os.version: &apos;10.0&apos;, java.version: &apos;21.0.3&apos;
Driver info: driver.version: unknown
	at org.openqa.selenium.support.ui.Select.selectByVisibleText(Select.java:167)
	at pageObjects.loginPage.select_School(loginPage.java:143)
	at tesstCases.Tc001_CivilWorkCreation2.workcreation(Tc001_CivilWorkCreation2.java:101)
	at java.base/jdk.internal.reflect.DirectMethodHandleAccessor.invoke(DirectMethodHandleAccessor.java:103)
	at java.base/java.lang.reflect.Method.invoke(Method.java:580)
	at org.testng.internal.invokers.MethodInvocationHelper.invokeMethod(MethodInvocationHelper.java:139)
	at org.testng.internal.invokers.TestInvoker.invokeMethod(TestInvoker.java:664)
	at org.testng.internal.invokers.TestInvoker.invokeTestMethod(TestInvoker.java:227)
	at org.testng.internal.invokers.MethodRunner.runInSequence(MethodRunner.java:50)
	at org.testng.internal.invokers.TestInvoker$MethodInvocationAgent.invoke(TestInvoker.java:957)
	at org.testng.internal.invokers.TestInvoker.invokeTestMethods(TestInvoker.java:200)
	at org.testng.internal.invokers.TestMethodWorker.invokeTestMethods(TestMethodWorker.java:148)
	at org.testng.internal.invokers.TestMethodWorker.run(TestMethodWorker.java:128)
	at java.base/java.util.ArrayList.forEach(ArrayList.java:1596)
	at org.testng.TestRunner.privateRun(TestRunner.java:848)
	at org.testng.TestRunner.run(TestRunner.java:621)
	at org.testng.SuiteRunner.runTest(SuiteRunner.java:443)
	at org.testng.SuiteRunner.runSequentially(SuiteRunner.java:437)
	at org.testng.SuiteRunner.privateRun(SuiteRunner.java:397)
	at org.testng.SuiteRunner.run(SuiteRunner.java:336)
	at org.testng.SuiteRunnerWorker.runSuite(SuiteRunnerWorker.java:52)
	at org.testng.SuiteRunnerWorker.run(SuiteRunnerWorker.java:95)
	at org.testng.TestNG.runSuitesSequentially(TestNG.java:1280)
	at org.testng.TestNG.runSuitesLocally(TestNG.java:1200)
	at org.testng.TestNG.runSuites(TestNG.java:1114)
	at org.testng.TestNG.run(TestNG.java:1082)
	at org.testng.remote.AbstractRemoteTestNG.run(AbstractRemoteTestNG.java:115)
	at org.testng.remote.RemoteTestNG.initAndRun(RemoteTestNG.java:293)
	at org.testng.remote.RemoteTestNG.main(RemoteTestNG.java:91)
</pre></div></td>
<td>26</td>
<td>tesstCases.Tc001_CivilWorkCreation2@4a11eb84</td></tr>
<tr>
<td title='tesstCases.Tc001_CivilWorkCreation2.workcreation()'><b>workcreation</b><br>Test class: tesstCases.Tc001_CivilWorkCreation2<br>Parameters: HYDERABAD, BANDLAGUDA, GOVT. PS NASHEMANNAGAR, NASHEMAN NAGAR, 0, 0, 0, 0, 0, 10, 0, 0</td>
<td><div><pre>org.openqa.selenium.UnhandledAlertException: unexpected alert open: {Alert text : Please select atleast one Task}
  (Session info: chrome=133.0.6943.53): Please select atleast one Task
Build info: version: &apos;4.28.1&apos;, revision: &apos;73f5ad48a2&apos;
System info: os.name: &apos;Windows 11&apos;, os.arch: &apos;amd64&apos;, os.version: &apos;10.0&apos;, java.version: &apos;21.0.3&apos;
Driver info: org.openqa.selenium.chrome.ChromeDriver
Command: [b870ca304e685d5c4d49056bfc17c250, findElements {value=//table[@id=&apos;ctl00_ContentPlaceHolder1_grdSelectedTasks&apos;]/tbody/tr, using=xpath}]
Capabilities {acceptInsecureCerts: false, browserName: chrome, browserVersion: 133.0.6943.53, chrome: {chromedriverVersion: 133.0.6943.53 (9a80935019b0..., userDataDir: C:\Users\91939\AppData\Loca...}, fedcm:accounts: true, goog:chromeOptions: {debuggerAddress: localhost:61017}, networkConnectionEnabled: false, pageLoadStrategy: normal, platformName: windows, proxy: Proxy(), se:cdp: ws://localhost:61017/devtoo..., se:cdpVersion: 133.0.6943.53, setWindowRect: true, strictFileInteractability: false, timeouts: {implicit: 0, pageLoad: 300000, script: 30000}, unhandledPromptBehavior: dismiss and notify, webauthn:extension:credBlob: true, webauthn:extension:largeBlob: true, webauthn:extension:minPinLength: true, webauthn:extension:prf: true, webauthn:virtualAuthenticators: true}
Session ID: b870ca304e685d5c4d49056bfc17c250
	at org.openqa.selenium.remote.codec.w3c.W3CHttpResponseCodec.decode(W3CHttpResponseCodec.java:136)
	at org.openqa.selenium.remote.codec.w3c.W3CHttpResponseCodec.decode(W3CHttpResponseCodec.java:50)
	at org.openqa.selenium.remote.HttpCommandExecutor.execute(HttpCommandExecutor.java:215)
	at org.openqa.selenium.remote.service.DriverCommandExecutor.invokeExecute(DriverCommandExecutor.java:216)
	at org.openqa.selenium.remote.service.DriverCommandExecutor.execute(DriverCommandExecutor.java:174)
	at org.openqa.selenium.remote.RemoteWebDriver.execute(RemoteWebDriver.java:545)
	at org.openqa.selenium.remote.ElementLocation$ElementFinder$2.findElements(ElementLocation.java:182)
	at org.openqa.selenium.remote.ElementLocation.findElements(ElementLocation.java:103)
	at org.openqa.selenium.remote.RemoteWebDriver.findElements(RemoteWebDriver.java:381)
	at org.openqa.selenium.remote.RemoteWebDriver.findElements(RemoteWebDriver.java:375)
	at org.openqa.selenium.support.pagefactory.DefaultElementLocator.findElements(DefaultElementLocator.java:83)
	at org.openqa.selenium.support.pagefactory.internal.LocatingElementListHandler.invoke(LocatingElementListHandler.java:36)
	at jdk.proxy2/jdk.proxy2.$Proxy29.size(Unknown Source)
	at pageObjects.loginPage.table2_no_of_rows(loginPage.java:219)
	at tesstCases.Tc001_CivilWorkCreation2.workcreation(Tc001_CivilWorkCreation2.java:127)
	at java.base/java.util.ArrayList.forEach(ArrayList.java:1596)
... Removed 25 stack frames</pre></div><a href='#' onClick='toggleBox("stack-trace1804021888", this, "Click to show all stack frames", "Click to hide stack frames")'>Click to show all stack frames</a>
<div class='stack-trace' id='stack-trace1804021888'><pre>org.openqa.selenium.UnhandledAlertException: unexpected alert open: {Alert text : Please select atleast one Task}
  (Session info: chrome=133.0.6943.53): Please select atleast one Task
Build info: version: &apos;4.28.1&apos;, revision: &apos;73f5ad48a2&apos;
System info: os.name: &apos;Windows 11&apos;, os.arch: &apos;amd64&apos;, os.version: &apos;10.0&apos;, java.version: &apos;21.0.3&apos;
Driver info: org.openqa.selenium.chrome.ChromeDriver
Command: [b870ca304e685d5c4d49056bfc17c250, findElements {value=//table[@id=&apos;ctl00_ContentPlaceHolder1_grdSelectedTasks&apos;]/tbody/tr, using=xpath}]
Capabilities {acceptInsecureCerts: false, browserName: chrome, browserVersion: 133.0.6943.53, chrome: {chromedriverVersion: 133.0.6943.53 (9a80935019b0..., userDataDir: C:\Users\91939\AppData\Loca...}, fedcm:accounts: true, goog:chromeOptions: {debuggerAddress: localhost:61017}, networkConnectionEnabled: false, pageLoadStrategy: normal, platformName: windows, proxy: Proxy(), se:cdp: ws://localhost:61017/devtoo..., se:cdpVersion: 133.0.6943.53, setWindowRect: true, strictFileInteractability: false, timeouts: {implicit: 0, pageLoad: 300000, script: 30000}, unhandledPromptBehavior: dismiss and notify, webauthn:extension:credBlob: true, webauthn:extension:largeBlob: true, webauthn:extension:minPinLength: true, webauthn:extension:prf: true, webauthn:virtualAuthenticators: true}
Session ID: b870ca304e685d5c4d49056bfc17c250
	at org.openqa.selenium.remote.codec.w3c.W3CHttpResponseCodec.decode(W3CHttpResponseCodec.java:136)
	at org.openqa.selenium.remote.codec.w3c.W3CHttpResponseCodec.decode(W3CHttpResponseCodec.java:50)
	at org.openqa.selenium.remote.HttpCommandExecutor.execute(HttpCommandExecutor.java:215)
	at org.openqa.selenium.remote.service.DriverCommandExecutor.invokeExecute(DriverCommandExecutor.java:216)
	at org.openqa.selenium.remote.service.DriverCommandExecutor.execute(DriverCommandExecutor.java:174)
	at org.openqa.selenium.remote.RemoteWebDriver.execute(RemoteWebDriver.java:545)
	at org.openqa.selenium.remote.ElementLocation$ElementFinder$2.findElements(ElementLocation.java:182)
	at org.openqa.selenium.remote.ElementLocation.findElements(ElementLocation.java:103)
	at org.openqa.selenium.remote.RemoteWebDriver.findElements(RemoteWebDriver.java:381)
	at org.openqa.selenium.remote.RemoteWebDriver.findElements(RemoteWebDriver.java:375)
	at org.openqa.selenium.support.pagefactory.DefaultElementLocator.findElements(DefaultElementLocator.java:83)
	at org.openqa.selenium.support.pagefactory.internal.LocatingElementListHandler.invoke(LocatingElementListHandler.java:36)
	at jdk.proxy2/jdk.proxy2.$Proxy29.size(Unknown Source)
	at pageObjects.loginPage.table2_no_of_rows(loginPage.java:219)
	at tesstCases.Tc001_CivilWorkCreation2.workcreation(Tc001_CivilWorkCreation2.java:127)
	at java.base/jdk.internal.reflect.DirectMethodHandleAccessor.invoke(DirectMethodHandleAccessor.java:103)
	at java.base/java.lang.reflect.Method.invoke(Method.java:580)
	at org.testng.internal.invokers.MethodInvocationHelper.invokeMethod(MethodInvocationHelper.java:139)
	at org.testng.internal.invokers.TestInvoker.invokeMethod(TestInvoker.java:664)
	at org.testng.internal.invokers.TestInvoker.invokeTestMethod(TestInvoker.java:227)
	at org.testng.internal.invokers.MethodRunner.runInSequence(MethodRunner.java:50)
	at org.testng.internal.invokers.TestInvoker$MethodInvocationAgent.invoke(TestInvoker.java:957)
	at org.testng.internal.invokers.TestInvoker.invokeTestMethods(TestInvoker.java:200)
	at org.testng.internal.invokers.TestMethodWorker.invokeTestMethods(TestMethodWorker.java:148)
	at org.testng.internal.invokers.TestMethodWorker.run(TestMethodWorker.java:128)
	at java.base/java.util.ArrayList.forEach(ArrayList.java:1596)
	at org.testng.TestRunner.privateRun(TestRunner.java:848)
	at org.testng.TestRunner.run(TestRunner.java:621)
	at org.testng.SuiteRunner.runTest(SuiteRunner.java:443)
	at org.testng.SuiteRunner.runSequentially(SuiteRunner.java:437)
	at org.testng.SuiteRunner.privateRun(SuiteRunner.java:397)
	at org.testng.SuiteRunner.run(SuiteRunner.java:336)
	at org.testng.SuiteRunnerWorker.runSuite(SuiteRunnerWorker.java:52)
	at org.testng.SuiteRunnerWorker.run(SuiteRunnerWorker.java:95)
	at org.testng.TestNG.runSuitesSequentially(TestNG.java:1280)
	at org.testng.TestNG.runSuitesLocally(TestNG.java:1200)
	at org.testng.TestNG.runSuites(TestNG.java:1114)
	at org.testng.TestNG.run(TestNG.java:1082)
	at org.testng.remote.AbstractRemoteTestNG.run(AbstractRemoteTestNG.java:115)
	at org.testng.remote.RemoteTestNG.initAndRun(RemoteTestNG.java:293)
	at org.testng.remote.RemoteTestNG.main(RemoteTestNG.java:91)
</pre></div></td>
<td>10</td>
<td>tesstCases.Tc001_CivilWorkCreation2@4a11eb84</td></tr>
<tr>
<td title='tesstCases.Tc001_CivilWorkCreation2.workcreation()'><b>workcreation</b><br>Test class: tesstCases.Tc001_CivilWorkCreation2<br>Parameters: HYDERABAD, BANDLAGUDA, GOVT.PS NEW INDRA NAGAR, NEW INDRA NAGAR, 0, 0, 0, 0, 30, 20, 0, 0</td>
<td><div><pre>org.openqa.selenium.NoSuchElementException: Cannot locate option with text: GOVT.PS NEW INDRA NAGAR, NEW INDRA NAGAR
For documentation on this error, please visit: https://www.selenium.dev/documentation/webdriver/troubleshooting/errors#no-such-element-exception
Build info: version: &apos;4.28.1&apos;, revision: &apos;73f5ad48a2&apos;
System info: os.name: &apos;Windows 11&apos;, os.arch: &apos;amd64&apos;, os.version: &apos;10.0&apos;, java.version: &apos;21.0.3&apos;
Driver info: driver.version: unknown
	at org.openqa.selenium.support.ui.Select.selectByVisibleText(Select.java:167)
	at pageObjects.loginPage.select_School(loginPage.java:143)
	at tesstCases.Tc001_CivilWorkCreation2.workcreation(Tc001_CivilWorkCreation2.java:101)
	at java.base/java.util.ArrayList.forEach(ArrayList.java:1596)
... Removed 25 stack frames</pre></div><a href='#' onClick='toggleBox("stack-trace1583449657", this, "Click to show all stack frames", "Click to hide stack frames")'>Click to show all stack frames</a>
<div class='stack-trace' id='stack-trace1583449657'><pre>org.openqa.selenium.NoSuchElementException: Cannot locate option with text: GOVT.PS NEW INDRA NAGAR, NEW INDRA NAGAR
For documentation on this error, please visit: https://www.selenium.dev/documentation/webdriver/troubleshooting/errors#no-such-element-exception
Build info: version: &apos;4.28.1&apos;, revision: &apos;73f5ad48a2&apos;
System info: os.name: &apos;Windows 11&apos;, os.arch: &apos;amd64&apos;, os.version: &apos;10.0&apos;, java.version: &apos;21.0.3&apos;
Driver info: driver.version: unknown
	at org.openqa.selenium.support.ui.Select.selectByVisibleText(Select.java:167)
	at pageObjects.loginPage.select_School(loginPage.java:143)
	at tesstCases.Tc001_CivilWorkCreation2.workcreation(Tc001_CivilWorkCreation2.java:101)
	at java.base/jdk.internal.reflect.DirectMethodHandleAccessor.invoke(DirectMethodHandleAccessor.java:103)
	at java.base/java.lang.reflect.Method.invoke(Method.java:580)
	at org.testng.internal.invokers.MethodInvocationHelper.invokeMethod(MethodInvocationHelper.java:139)
	at org.testng.internal.invokers.TestInvoker.invokeMethod(TestInvoker.java:664)
	at org.testng.internal.invokers.TestInvoker.invokeTestMethod(TestInvoker.java:227)
	at org.testng.internal.invokers.MethodRunner.runInSequence(MethodRunner.java:50)
	at org.testng.internal.invokers.TestInvoker$MethodInvocationAgent.invoke(TestInvoker.java:957)
	at org.testng.internal.invokers.TestInvoker.invokeTestMethods(TestInvoker.java:200)
	at org.testng.internal.invokers.TestMethodWorker.invokeTestMethods(TestMethodWorker.java:148)
	at org.testng.internal.invokers.TestMethodWorker.run(TestMethodWorker.java:128)
	at java.base/java.util.ArrayList.forEach(ArrayList.java:1596)
	at org.testng.TestRunner.privateRun(TestRunner.java:848)
	at org.testng.TestRunner.run(TestRunner.java:621)
	at org.testng.SuiteRunner.runTest(SuiteRunner.java:443)
	at org.testng.SuiteRunner.runSequentially(SuiteRunner.java:437)
	at org.testng.SuiteRunner.privateRun(SuiteRunner.java:397)
	at org.testng.SuiteRunner.run(SuiteRunner.java:336)
	at org.testng.SuiteRunnerWorker.runSuite(SuiteRunnerWorker.java:52)
	at org.testng.SuiteRunnerWorker.run(SuiteRunnerWorker.java:95)
	at org.testng.TestNG.runSuitesSequentially(TestNG.java:1280)
	at org.testng.TestNG.runSuitesLocally(TestNG.java:1200)
	at org.testng.TestNG.runSuites(TestNG.java:1114)
	at org.testng.TestNG.run(TestNG.java:1082)
	at org.testng.remote.AbstractRemoteTestNG.run(AbstractRemoteTestNG.java:115)
	at org.testng.remote.RemoteTestNG.initAndRun(RemoteTestNG.java:293)
	at org.testng.remote.RemoteTestNG.main(RemoteTestNG.java:91)
</pre></div></td>
<td>25</td>
<td>tesstCases.Tc001_CivilWorkCreation2@4a11eb84</td></tr>
<tr>
<td title='tesstCases.Tc001_CivilWorkCreation2.workcreation()'><b>workcreation</b><br>Test class: tesstCases.Tc001_CivilWorkCreation2<br>Parameters: HYDERABAD, BANDLAGUDA, GOVT. PS BAVANINGR 1, BHAVANI NAGAR, 0, 0, 0, 0, 0, 10, 0, 0</td>
<td><div><pre>org.openqa.selenium.UnhandledAlertException: unexpected alert open: {Alert text : Please select atleast one Task}
  (Session info: chrome=133.0.6943.53): Please select atleast one Task
Build info: version: &apos;4.28.1&apos;, revision: &apos;73f5ad48a2&apos;
System info: os.name: &apos;Windows 11&apos;, os.arch: &apos;amd64&apos;, os.version: &apos;10.0&apos;, java.version: &apos;21.0.3&apos;
Driver info: org.openqa.selenium.chrome.ChromeDriver
Command: [b870ca304e685d5c4d49056bfc17c250, findElements {value=//table[@id=&apos;ctl00_ContentPlaceHolder1_grdSelectedTasks&apos;]/tbody/tr, using=xpath}]
Capabilities {acceptInsecureCerts: false, browserName: chrome, browserVersion: 133.0.6943.53, chrome: {chromedriverVersion: 133.0.6943.53 (9a80935019b0..., userDataDir: C:\Users\91939\AppData\Loca...}, fedcm:accounts: true, goog:chromeOptions: {debuggerAddress: localhost:61017}, networkConnectionEnabled: false, pageLoadStrategy: normal, platformName: windows, proxy: Proxy(), se:cdp: ws://localhost:61017/devtoo..., se:cdpVersion: 133.0.6943.53, setWindowRect: true, strictFileInteractability: false, timeouts: {implicit: 0, pageLoad: 300000, script: 30000}, unhandledPromptBehavior: dismiss and notify, webauthn:extension:credBlob: true, webauthn:extension:largeBlob: true, webauthn:extension:minPinLength: true, webauthn:extension:prf: true, webauthn:virtualAuthenticators: true}
Session ID: b870ca304e685d5c4d49056bfc17c250
	at org.openqa.selenium.remote.codec.w3c.W3CHttpResponseCodec.decode(W3CHttpResponseCodec.java:136)
	at org.openqa.selenium.remote.codec.w3c.W3CHttpResponseCodec.decode(W3CHttpResponseCodec.java:50)
	at org.openqa.selenium.remote.HttpCommandExecutor.execute(HttpCommandExecutor.java:215)
	at org.openqa.selenium.remote.service.DriverCommandExecutor.invokeExecute(DriverCommandExecutor.java:216)
	at org.openqa.selenium.remote.service.DriverCommandExecutor.execute(DriverCommandExecutor.java:174)
	at org.openqa.selenium.remote.RemoteWebDriver.execute(RemoteWebDriver.java:545)
	at org.openqa.selenium.remote.ElementLocation$ElementFinder$2.findElements(ElementLocation.java:182)
	at org.openqa.selenium.remote.ElementLocation.findElements(ElementLocation.java:103)
	at org.openqa.selenium.remote.RemoteWebDriver.findElements(RemoteWebDriver.java:381)
	at org.openqa.selenium.remote.RemoteWebDriver.findElements(RemoteWebDriver.java:375)
	at org.openqa.selenium.support.pagefactory.DefaultElementLocator.findElements(DefaultElementLocator.java:83)
	at org.openqa.selenium.support.pagefactory.internal.LocatingElementListHandler.invoke(LocatingElementListHandler.java:36)
	at jdk.proxy2/jdk.proxy2.$Proxy29.size(Unknown Source)
	at pageObjects.loginPage.table2_no_of_rows(loginPage.java:219)
	at tesstCases.Tc001_CivilWorkCreation2.workcreation(Tc001_CivilWorkCreation2.java:127)
	at java.base/java.util.ArrayList.forEach(ArrayList.java:1596)
... Removed 25 stack frames</pre></div><a href='#' onClick='toggleBox("stack-trace713063514", this, "Click to show all stack frames", "Click to hide stack frames")'>Click to show all stack frames</a>
<div class='stack-trace' id='stack-trace713063514'><pre>org.openqa.selenium.UnhandledAlertException: unexpected alert open: {Alert text : Please select atleast one Task}
  (Session info: chrome=133.0.6943.53): Please select atleast one Task
Build info: version: &apos;4.28.1&apos;, revision: &apos;73f5ad48a2&apos;
System info: os.name: &apos;Windows 11&apos;, os.arch: &apos;amd64&apos;, os.version: &apos;10.0&apos;, java.version: &apos;21.0.3&apos;
Driver info: org.openqa.selenium.chrome.ChromeDriver
Command: [b870ca304e685d5c4d49056bfc17c250, findElements {value=//table[@id=&apos;ctl00_ContentPlaceHolder1_grdSelectedTasks&apos;]/tbody/tr, using=xpath}]
Capabilities {acceptInsecureCerts: false, browserName: chrome, browserVersion: 133.0.6943.53, chrome: {chromedriverVersion: 133.0.6943.53 (9a80935019b0..., userDataDir: C:\Users\91939\AppData\Loca...}, fedcm:accounts: true, goog:chromeOptions: {debuggerAddress: localhost:61017}, networkConnectionEnabled: false, pageLoadStrategy: normal, platformName: windows, proxy: Proxy(), se:cdp: ws://localhost:61017/devtoo..., se:cdpVersion: 133.0.6943.53, setWindowRect: true, strictFileInteractability: false, timeouts: {implicit: 0, pageLoad: 300000, script: 30000}, unhandledPromptBehavior: dismiss and notify, webauthn:extension:credBlob: true, webauthn:extension:largeBlob: true, webauthn:extension:minPinLength: true, webauthn:extension:prf: true, webauthn:virtualAuthenticators: true}
Session ID: b870ca304e685d5c4d49056bfc17c250
	at org.openqa.selenium.remote.codec.w3c.W3CHttpResponseCodec.decode(W3CHttpResponseCodec.java:136)
	at org.openqa.selenium.remote.codec.w3c.W3CHttpResponseCodec.decode(W3CHttpResponseCodec.java:50)
	at org.openqa.selenium.remote.HttpCommandExecutor.execute(HttpCommandExecutor.java:215)
	at org.openqa.selenium.remote.service.DriverCommandExecutor.invokeExecute(DriverCommandExecutor.java:216)
	at org.openqa.selenium.remote.service.DriverCommandExecutor.execute(DriverCommandExecutor.java:174)
	at org.openqa.selenium.remote.RemoteWebDriver.execute(RemoteWebDriver.java:545)
	at org.openqa.selenium.remote.ElementLocation$ElementFinder$2.findElements(ElementLocation.java:182)
	at org.openqa.selenium.remote.ElementLocation.findElements(ElementLocation.java:103)
	at org.openqa.selenium.remote.RemoteWebDriver.findElements(RemoteWebDriver.java:381)
	at org.openqa.selenium.remote.RemoteWebDriver.findElements(RemoteWebDriver.java:375)
	at org.openqa.selenium.support.pagefactory.DefaultElementLocator.findElements(DefaultElementLocator.java:83)
	at org.openqa.selenium.support.pagefactory.internal.LocatingElementListHandler.invoke(LocatingElementListHandler.java:36)
	at jdk.proxy2/jdk.proxy2.$Proxy29.size(Unknown Source)
	at pageObjects.loginPage.table2_no_of_rows(loginPage.java:219)
	at tesstCases.Tc001_CivilWorkCreation2.workcreation(Tc001_CivilWorkCreation2.java:127)
	at java.base/jdk.internal.reflect.DirectMethodHandleAccessor.invoke(DirectMethodHandleAccessor.java:103)
	at java.base/java.lang.reflect.Method.invoke(Method.java:580)
	at org.testng.internal.invokers.MethodInvocationHelper.invokeMethod(MethodInvocationHelper.java:139)
	at org.testng.internal.invokers.TestInvoker.invokeMethod(TestInvoker.java:664)
	at org.testng.internal.invokers.TestInvoker.invokeTestMethod(TestInvoker.java:227)
	at org.testng.internal.invokers.MethodRunner.runInSequence(MethodRunner.java:50)
	at org.testng.internal.invokers.TestInvoker$MethodInvocationAgent.invoke(TestInvoker.java:957)
	at org.testng.internal.invokers.TestInvoker.invokeTestMethods(TestInvoker.java:200)
	at org.testng.internal.invokers.TestMethodWorker.invokeTestMethods(TestMethodWorker.java:148)
	at org.testng.internal.invokers.TestMethodWorker.run(TestMethodWorker.java:128)
	at java.base/java.util.ArrayList.forEach(ArrayList.java:1596)
	at org.testng.TestRunner.privateRun(TestRunner.java:848)
	at org.testng.TestRunner.run(TestRunner.java:621)
	at org.testng.SuiteRunner.runTest(SuiteRunner.java:443)
	at org.testng.SuiteRunner.runSequentially(SuiteRunner.java:437)
	at org.testng.SuiteRunner.privateRun(SuiteRunner.java:397)
	at org.testng.SuiteRunner.run(SuiteRunner.java:336)
	at org.testng.SuiteRunnerWorker.runSuite(SuiteRunnerWorker.java:52)
	at org.testng.SuiteRunnerWorker.run(SuiteRunnerWorker.java:95)
	at org.testng.TestNG.runSuitesSequentially(TestNG.java:1280)
	at org.testng.TestNG.runSuitesLocally(TestNG.java:1200)
	at org.testng.TestNG.runSuites(TestNG.java:1114)
	at org.testng.TestNG.run(TestNG.java:1082)
	at org.testng.remote.AbstractRemoteTestNG.run(AbstractRemoteTestNG.java:115)
	at org.testng.remote.RemoteTestNG.initAndRun(RemoteTestNG.java:293)
	at org.testng.remote.RemoteTestNG.main(RemoteTestNG.java:91)
</pre></div></td>
<td>113</td>
<td>tesstCases.Tc001_CivilWorkCreation2@4a11eb84</td></tr>
</table><p>
<table width='100%' border='1' class='invocation-passed'>
<tr><td colspan='4' align='center'><b>PASSED TESTS</b></td></tr>
<tr><td><b>Test method</b></td>
<td><b>Attribute(s)</b></td>
<td width="30%"><b>Exception</b></td>
<td width="10%"><b>Time (seconds)</b></td>
<td><b>Instance</b></td>
</tr>
<tr>
<td title='tesstCases.Tc001_CivilWorkCreation2.navegatehomepage()'><b>navegatehomepage</b><br>Test class: tesstCases.Tc001_CivilWorkCreation2</td>
<td></td>
<td>8</td>
<td>tesstCases.Tc001_CivilWorkCreation2@4a11eb84</td></tr>
<tr>
<td title='tesstCases.Tc001_CivilWorkCreation2.workcreation()'><b>workcreation</b><br>Test class: tesstCases.Tc001_CivilWorkCreation2<br>Parameters: HYDERABAD, BANDLAGUDA, GOVT. HS FALUKNUMA, FALAKNUMA, 0, 0, 0, 0, 0, 0, 28, 0</td>
<td></td>
<td>68</td>
<td>tesstCases.Tc001_CivilWorkCreation2@4a11eb84</td></tr>
<tr>
<td title='tesstCases.Tc001_CivilWorkCreation2.workcreation()'><b>workcreation</b><br>Test class: tesstCases.Tc001_CivilWorkCreation2<br>Parameters: HYDERABAD, BANDLAGUDA, GOVT. PS(EL)PRAKASHNAGAR, KHADI CHAWN ROAD, 0, 0, 0, 0, 20, 10, 0, 0</td>
<td></td>
<td>36</td>
<td>tesstCases.Tc001_CivilWorkCreation2@4a11eb84</td></tr>
<tr>
<td title='tesstCases.Tc001_CivilWorkCreation2.testlogout()'><b>testlogout</b><br>Test class: tesstCases.Tc001_CivilWorkCreation2</td>
<td></td>
<td>0</td>
<td>tesstCases.Tc001_CivilWorkCreation2@4a11eb84</td></tr>
<tr>
<td title='tesstCases.Tc001_CivilWorkCreation2.workcreation()'><b>workcreation</b><br>Test class: tesstCases.Tc001_CivilWorkCreation2<br>Parameters: HYDERABAD, BANDLAGUDA, GOVT. PS(B)SULTANSHAHI, METARWADI,SULTANSHOHI, 0, 0, 0, 0, 0, 20, 0, 0</td>
<td></td>
<td>32</td>
<td>tesstCases.Tc001_CivilWorkCreation2@4a11eb84</td></tr>
<tr>
<td title='tesstCases.Tc001_CivilWorkCreation2.workcreation()'><b>workcreation</b><br>Test class: tesstCases.Tc001_CivilWorkCreation2<br>Parameters: HYDERABAD, BANDLAGUDA, GOVT. PS ZOHRANAGAR, ZOHRA NAGAR, 0, 0, 0, 0, 24, 24, 0, 0</td>
<td></td>
<td>76</td>
<td>tesstCases.Tc001_CivilWorkCreation2@4a11eb84</td></tr>
<tr>
<td title='tesstCases.Tc001_CivilWorkCreation2.workcreation()'><b>workcreation</b><br>Test class: tesstCases.Tc001_CivilWorkCreation2<br>Parameters: HYDERABAD, BANDLAGUDA, GOVT. GIRLS HIGH SCHOOL DABEERPURA,, 0, 0, 0, 0, 0, 0, 0, 15</td>
<td></td>
<td>36</td>
<td>tesstCases.Tc001_CivilWorkCreation2@4a11eb84</td></tr>
<tr>
<td title='tesstCases.Tc001_CivilWorkCreation2.workcreation()'><b>workcreation</b><br>Test class: tesstCases.Tc001_CivilWorkCreation2<br>Parameters: HYDERABAD, BANDLAGUDA, GOVT. PS BEHROONGOWLIPURA, NEAR INDIRA GANDHI STATUE, 0, 0, 0, 0, 26, 0, 0, 0</td>
<td></td>
<td>32</td>
<td>tesstCases.Tc001_CivilWorkCreation2@4a11eb84</td></tr>
<tr>
<td title='tesstCases.Tc001_CivilWorkCreation2.workcreation()'><b>workcreation</b><br>Test class: tesstCases.Tc001_CivilWorkCreation2<br>Parameters: HYDERABAD, BANDLAGUDA, GOVT. PS FATHESHAHNGR, C/O GOPS CHATRIMAT SCHOOL BUIL, 0, 0, 0, 0, 30, 0, 0, 0</td>
<td></td>
<td>33</td>
<td>tesstCases.Tc001_CivilWorkCreation2@4a11eb84</td></tr>
<tr>
<td title='tesstCases.Tc001_CivilWorkCreation2.workcreation()'><b>workcreation</b><br>Test class: tesstCases.Tc001_CivilWorkCreation2<br>Parameters: HYDERABAD, BANDLAGUDA, GOVT. HS(B)EDIBAZAR, KUMARSADI COLONY, 0, 0, 0, 0, 0, 0, 100, 0</td>
<td></td>
<td>48</td>
<td>tesstCases.Tc001_CivilWorkCreation2@4a11eb84</td></tr>
<tr>
<td title='tesstCases.Tc001_CivilWorkCreation2.workcreation()'><b>workcreation</b><br>Test class: tesstCases.Tc001_CivilWorkCreation2<br>Parameters: HYDERABAD, BANDLAGUDA, GOVT. PS KHANNAGAR, BHAWANI NAGAR KHAN NAGAR, 0, 0, 0, 0, 25, 25, 0, 0</td>
<td></td>
<td>39</td>
<td>tesstCases.Tc001_CivilWorkCreation2@4a11eb84</td></tr>
<tr>
<td title='tesstCases.Tc001_CivilWorkCreation2.workcreation()'><b>workcreation</b><br>Test class: tesstCases.Tc001_CivilWorkCreation2<br>Parameters: HYDERABAD, BANDLAGUDA, GOVT. PS RIYASATNGR 1, RIYASATNAGAR, 0, 0, 0, 0, 20, 10, 0, 0</td>
<td></td>
<td>66</td>
<td>tesstCases.Tc001_CivilWorkCreation2@4a11eb84</td></tr>
<tr>
<td title='tesstCases.Tc001_CivilWorkCreation2.workcreation()'><b>workcreation</b><br>Test class: tesstCases.Tc001_CivilWorkCreation2<br>Parameters: HYDERABAD, BANDLAGUDA, GOVT. PS(G)FALUKNUMA, QUADICHAMAN ROAD, 0, 0, 0, 0, 25, 0, 0, 0</td>
<td></td>
<td>29</td>
<td>tesstCases.Tc001_CivilWorkCreation2@4a11eb84</td></tr>
<tr>
<td title='tesstCases.Tc001_CivilWorkCreation2.workcreation()'><b>workcreation</b><br>Test class: tesstCases.Tc001_CivilWorkCreation2<br>Parameters: HYDERABAD, BANDLAGUDA, GOVT. PS ALIABAD, GOVT,JR.COLLEGE GROUND, 0, 0, 0, 0, 10, 0, 0, 0</td>
<td></td>
<td>49</td>
<td>tesstCases.Tc001_CivilWorkCreation2@4a11eb84</td></tr>
<tr>
<td title='tesstCases.Tc001_CivilWorkCreation2.workcreation()'><b>workcreation</b><br>Test class: tesstCases.Tc001_CivilWorkCreation2<br>Parameters: HYDERABAD, BANDLAGUDA, GOVT. PS KALWAGADDA, KALVAGODDA, 0, 0, 0, 0, 10, 25, 0, 0</td>
<td></td>
<td>39</td>
<td>tesstCases.Tc001_CivilWorkCreation2@4a11eb84</td></tr>
<tr>
<td title='tesstCases.Tc001_CivilWorkCreation2.workcreation()'><b>workcreation</b><br>Test class: tesstCases.Tc001_CivilWorkCreation2<br>Parameters: HYDERABAD, BANDLAGUDA, GOVT. HS(G)FALAKNUMA, QUADRI CHAMAN, 0, 0, 0, 0, 0, 0, 60, 0</td>
<td></td>
<td>34</td>
<td>tesstCases.Tc001_CivilWorkCreation2@4a11eb84</td></tr>
<tr>
<td title='tesstCases.Tc001_CivilWorkCreation2.workcreation()'><b>workcreation</b><br>Test class: tesstCases.Tc001_CivilWorkCreation2<br>Parameters: HYDERABAD, BANDLAGUDA, GOVT. PS(B) EDI BAZAR, KUMAR WADI COLONY, 0, 0, 0, 0, 40, 40, 0, 0</td>
<td></td>
<td>74</td>
<td>tesstCases.Tc001_CivilWorkCreation2@4a11eb84</td></tr>
<tr>
<td title='tesstCases.Tc001_CivilWorkCreation2.testlogin()'><b>testlogin</b><br>Test class: tesstCases.Tc001_CivilWorkCreation2</td>
<td></td>
<td>18</td>
<td>tesstCases.Tc001_CivilWorkCreation2@4a11eb84</td></tr>
<tr>
<td title='tesstCases.Tc001_CivilWorkCreation2.workcreation()'><b>workcreation</b><br>Test class: tesstCases.Tc001_CivilWorkCreation2<br>Parameters: HYDERABAD, BANDLAGUDA, GOVT. PS DRGHIBRUHANSHAH, DRGHI BRUHAN SHAN, 0, 0, 0, 0, 20, 0, 0, 0</td>
<td></td>
<td>33</td>
<td>tesstCases.Tc001_CivilWorkCreation2@4a11eb84</td></tr>
<tr>
<td title='tesstCases.Tc001_CivilWorkCreation2.workcreation()'><b>workcreation</b><br>Test class: tesstCases.Tc001_CivilWorkCreation2<br>Parameters: HYDERABAD, BANDLAGUDA, GOVT. HS DARGAH BARHANA SHAH,, 0, 0, 0, 0, 0, 0, 10, 0</td>
<td></td>
<td>35</td>
<td>tesstCases.Tc001_CivilWorkCreation2@4a11eb84</td></tr>
<tr>
<td title='tesstCases.Tc001_CivilWorkCreation2.workcreation()'><b>workcreation</b><br>Test class: tesstCases.Tc001_CivilWorkCreation2<br>Parameters: HYDERABAD, BANDLAGUDA, GOVT. PS RIYASATHNGER 2, RIYASATNAGAR, 0, 0, 0, 0, 16, 15, 0, 0</td>
<td></td>
<td>34</td>
<td>tesstCases.Tc001_CivilWorkCreation2@4a11eb84</td></tr>
</table><p>
</body>
</html>